Build started 2012/3/13 16:43:18.
     1>Project "E:\编程相关\foo_dsp_resampler_0.7.6_src\foo_dsp_resampler 0.7.6\rate\rate.vcxproj" on node 5 (build target(s)).
     1>InitializeBuildStatus:
         Creating ".\Debug\static_rate.unsuccessfulbuild" because "AlwaysCreate" was specified.
       ClCompile:
         D:\Software\VS2010\VC\bin\CL.exe /c /ZI /nologo /W3 /WX- /Od /Oy- /D WIN32 /D _DEBUG /D _WINDOWS /D _VC80_UPGRADE=0x0600 /Gm /RTC1 /MTd /GS /fp:precise /Zc:wchar_t /Zc:forScope /Fo".\Debug\\" /Fd".\Debug\vc100.pdb" /Gd /TC /analyze- /errorReport:prompt /we4028 ffmpeg\fft.c ffmpeg\fft_sse.c ffmpeg\rdft.c effects_i_dsp.c fft4g\fft4g_dbl.c fft4g\fft4g_sse3.c rate_dbl.c rate_flt.c rate_sse.c rate_sse3.c rate_uni.c xmalloc.c
         xmalloc.c
         rate_uni.c
         rate_sse3.c
     1>e:\编程相关\foo_dsp_resampler_0.7.6_src\foo_dsp_resampler 0.7.6\rate\rate_filters_sse3.h(170): warning C4244: 'initializing' : conversion from 'int64_t' to 'const int', possible loss of data
     1>e:\编程相关\foo_dsp_resampler_0.7.6_src\foo_dsp_resampler 0.7.6\rate\rate_filters_sse3.h(260): warning C4244: 'initializing' : conversion from 'int64_t' to 'const int', possible loss of data
     1>e:\编程相关\foo_dsp_resampler_0.7.6_src\foo_dsp_resampler 0.7.6\rate\rate_dbl.c(522): warning C4244: 'initializing' : conversion from 'uint64_t' to 'size_t', possible loss of data
         rate_sse.c
     1>e:\编程相关\foo_dsp_resampler_0.7.6_src\foo_dsp_resampler 0.7.6\rate\rate_flt.c(79): warning C4244: '=' : conversion from 'double' to 'sox_sample_t', possible loss of data
     1>e:\编程相关\foo_dsp_resampler_0.7.6_src\foo_dsp_resampler 0.7.6\rate\rate_flt.c(80): warning C4244: '=' : conversion from 'double' to 'sox_sample_t', possible loss of data
     1>e:\编程相关\foo_dsp_resampler_0.7.6_src\foo_dsp_resampler 0.7.6\rate\rate_flt.c(81): warning C4244: '=' : conversion from 'double' to 'sox_sample_t', possible loss of data
     1>e:\编程相关\foo_dsp_resampler_0.7.6_src\foo_dsp_resampler 0.7.6\rate\rate_flt.c(82): warning C4244: '=' : conversion from 'double' to 'sox_sample_t', possible loss of data
     1>e:\编程相关\foo_dsp_resampler_0.7.6_src\foo_dsp_resampler 0.7.6\rate\rate_flt.c(346): warning C4244: '=' : conversion from 'double' to 'sox_sample_t', possible loss of data
     1>e:\编程相关\foo_dsp_resampler_0.7.6_src\foo_dsp_resampler 0.7.6\rate\rate_filters_sse.h(153): warning C4244: 'initializing' : conversion from 'int64_t' to 'const int', possible loss of data
     1>e:\编程相关\foo_dsp_resampler_0.7.6_src\foo_dsp_resampler 0.7.6\rate\rate_filters_sse.h(228): warning C4244: 'initializing' : conversion from 'int64_t' to 'const int', possible loss of data
     1>e:\编程相关\foo_dsp_resampler_0.7.6_src\foo_dsp_resampler 0.7.6\rate\rate_filters_sse.h(307): warning C4244: 'initializing' : conversion from 'int64_t' to 'const int', possible loss of data
     1>e:\编程相关\foo_dsp_resampler_0.7.6_src\foo_dsp_resampler 0.7.6\rate\rate_filters_sse.h(381): warning C4244: 'initializing' : conversion from 'int64_t' to 'const int', possible loss of data
     1>e:\编程相关\foo_dsp_resampler_0.7.6_src\foo_dsp_resampler 0.7.6\rate\rate_flt.c(573): warning C4244: 'initializing' : conversion from 'uint64_t' to 'size_t', possible loss of data
         rate_flt.c
     1>e:\编程相关\foo_dsp_resampler_0.7.6_src\foo_dsp_resampler 0.7.6\rate\rate_flt.c(79): warning C4244: '=' : conversion from 'double' to 'sox_sample_t', possible loss of data
     1>e:\编程相关\foo_dsp_resampler_0.7.6_src\foo_dsp_resampler 0.7.6\rate\rate_flt.c(80): warning C4244: '=' : conversion from 'double' to 'sox_sample_t', possible loss of data
     1>e:\编程相关\foo_dsp_resampler_0.7.6_src\foo_dsp_resampler 0.7.6\rate\rate_flt.c(81): warning C4244: '=' : conversion from 'double' to 'sox_sample_t', possible loss of data
     1>e:\编程相关\foo_dsp_resampler_0.7.6_src\foo_dsp_resampler 0.7.6\rate\rate_flt.c(82): warning C4244: '=' : conversion from 'double' to 'sox_sample_t', possible loss of data
     1>e:\编程相关\foo_dsp_resampler_0.7.6_src\foo_dsp_resampler 0.7.6\rate\rate_flt.c(346): warning C4244: '=' : conversion from 'double' to 'sox_sample_t', possible loss of data
     1>e:\编程相关\foo_dsp_resampler_0.7.6_src\foo_dsp_resampler 0.7.6\rate\rate_filters_flt.h(182): warning C4244: 'initializing' : conversion from 'int64_t' to 'const int', possible loss of data
     1>e:\编程相关\foo_dsp_resampler_0.7.6_src\foo_dsp_resampler 0.7.6\rate\rate_filters_flt.h(338): warning C4244: 'initializing' : conversion from 'int64_t' to 'const int', possible loss of data
     1>e:\编程相关\foo_dsp_resampler_0.7.6_src\foo_dsp_resampler 0.7.6\rate\rate_filters_flt.h(473): warning C4244: 'initializing' : conversion from 'int64_t' to 'const int', possible loss of data
     1>e:\编程相关\foo_dsp_resampler_0.7.6_src\foo_dsp_resampler 0.7.6\rate\rate_filters_flt.h(583): warning C4244: 'initializing' : conversion from 'int64_t' to 'const int', possible loss of data
     1>e:\编程相关\foo_dsp_resampler_0.7.6_src\foo_dsp_resampler 0.7.6\rate\rate_flt.c(573): warning C4244: 'initializing' : conversion from 'uint64_t' to 'size_t', possible loss of data
         rate_dbl.c
     1>e:\编程相关\foo_dsp_resampler_0.7.6_src\foo_dsp_resampler 0.7.6\rate\rate_filters_dbl.h(184): warning C4244: 'initializing' : conversion from 'int64_t' to 'const int', possible loss of data
     1>e:\编程相关\foo_dsp_resampler_0.7.6_src\foo_dsp_resampler 0.7.6\rate\rate_filters_dbl.h(328): warning C4244: 'initializing' : conversion from 'int64_t' to 'const int', possible loss of data
     1>e:\编程相关\foo_dsp_resampler_0.7.6_src\foo_dsp_resampler 0.7.6\rate\rate_dbl.c(522): warning C4244: 'initializing' : conversion from 'uint64_t' to 'size_t', possible loss of data
         fft4g_sse3.c
         fft4g_dbl.c
         effects_i_dsp.c
         rdft.c
         fft_sse.c
         fft.c
         Generating Code...
       Lib:
         D:\Software\VS2010\VC\bin\Lib.exe /OUT:".\Debug\static_rate.lib" /NOLOGO .\Debug\fft.obj
         .\Debug\fft_sse.obj
         .\Debug\rdft.obj
         .\Debug\effects_i_dsp.obj
         .\Debug\fft4g_dbl.obj
         .\Debug\fft4g_sse3.obj
         .\Debug\rate_dbl.obj
         .\Debug\rate_flt.obj
         .\Debug\rate_sse.obj
         .\Debug\rate_sse3.obj
         .\Debug\rate_uni.obj
         .\Debug\xmalloc.obj
         ffmpeg\fft_sse.obj
         rate.vcxproj -> E:\编程相关\foo_dsp_resampler_0.7.6_src\foo_dsp_resampler 0.7.6\rate\.\Debug\static_rate.lib
       FinalizeBuildStatus:
         Deleting file ".\Debug\static_rate.unsuccessfulbuild".
         Touching ".\Debug\static_rate.lastbuildstate".
     1>Done Building Project "E:\编程相关\foo_dsp_resampler_0.7.6_src\foo_dsp_resampler 0.7.6\rate\rate.vcxproj" (build target(s)).

Build succeeded.

Time Elapsed 00:00:02.02
