E:\编程相关\foo_dsp_resampler_0.7.6_src\foo_dsp_resampler 0.7.6\rate\.\Debug\static_rate.lib
E:\编程相关\foo_dsp_resampler_0.7.6_src\foo_dsp_resampler 0.7.6\rate\Debug\cl.command.1.tlog
E:\编程相关\foo_dsp_resampler_0.7.6_src\foo_dsp_resampler 0.7.6\rate\Debug\CL.read.1.tlog
E:\编程相关\foo_dsp_resampler_0.7.6_src\foo_dsp_resampler 0.7.6\rate\Debug\CL.write.1.tlog
E:\编程相关\FOO_DSP_RESAMPLER_0.7.6_SRC\FOO_DSP_RESAMPLER 0.7.6\RATE\DEBUG\EFFECTS_I_DSP.OBJ
E:\编程相关\FOO_DSP_RESAMPLER_0.7.6_SRC\FOO_DSP_RESAMPLER 0.7.6\RATE\DEBUG\FFT.OBJ
E:\编程相关\FOO_DSP_RESAMPLER_0.7.6_SRC\FOO_DSP_RESAMPLER 0.7.6\RATE\DEBUG\FFT_SSE.OBJ
E:\编程相关\FOO_DSP_RESAMPLER_0.7.6_SRC\FOO_DSP_RESAMPLER 0.7.6\RATE\DEBUG\FFT4G_DBL.OBJ
E:\编程相关\FOO_DSP_RESAMPLER_0.7.6_SRC\FOO_DSP_RESAMPLER 0.7.6\RATE\DEBUG\FFT4G_SSE3.OBJ
E:\编程相关\foo_dsp_resampler_0.7.6_src\foo_dsp_resampler 0.7.6\rate\Debug\lib.command.1.tlog
E:\编程相关\foo_dsp_resampler_0.7.6_src\foo_dsp_resampler 0.7.6\rate\Debug\Lib-link.read.1.tlog
E:\编程相关\foo_dsp_resampler_0.7.6_src\foo_dsp_resampler 0.7.6\rate\Debug\Lib-link.write.1.tlog
E:\编程相关\FOO_DSP_RESAMPLER_0.7.6_SRC\FOO_DSP_RESAMPLER 0.7.6\RATE\DEBUG\RATE_DBL.OBJ
E:\编程相关\FOO_DSP_RESAMPLER_0.7.6_SRC\FOO_DSP_RESAMPLER 0.7.6\RATE\DEBUG\RATE_FLT.OBJ
E:\编程相关\FOO_DSP_RESAMPLER_0.7.6_SRC\FOO_DSP_RESAMPLER 0.7.6\RATE\DEBUG\RATE_SSE.OBJ
E:\编程相关\FOO_DSP_RESAMPLER_0.7.6_SRC\FOO_DSP_RESAMPLER 0.7.6\RATE\DEBUG\RATE_SSE3.OBJ
E:\编程相关\FOO_DSP_RESAMPLER_0.7.6_SRC\FOO_DSP_RESAMPLER 0.7.6\RATE\DEBUG\RATE_UNI.OBJ
E:\编程相关\FOO_DSP_RESAMPLER_0.7.6_SRC\FOO_DSP_RESAMPLER 0.7.6\RATE\DEBUG\RDFT.OBJ
E:\编程相关\FOO_DSP_RESAMPLER_0.7.6_SRC\FOO_DSP_RESAMPLER 0.7.6\RATE\DEBUG\STATIC_RATE.LIB
E:\编程相关\foo_dsp_resampler_0.7.6_src\foo_dsp_resampler 0.7.6\rate\Debug\vc100.idb
E:\编程相关\FOO_DSP_RESAMPLER_0.7.6_SRC\FOO_DSP_RESAMPLER 0.7.6\RATE\DEBUG\VC100.PDB
E:\编程相关\FOO_DSP_RESAMPLER_0.7.6_SRC\FOO_DSP_RESAMPLER 0.7.6\RATE\DEBUG\XMALLOC.OBJ
